<?xml version="1.0" encoding="UTF-8"?>
<!-- Generated by org.testng.reporters.JUnitReportReporter -->
<testsuite hostname="LAPTOP-32GUEUQ6" failures="0" tests="1" name="com.shettyv1.testcases.TC_MyCart" time="17.304" errors="0" timestamp="2023-01-29T01:15:32 IST" skipped="0">
  <testcase classname="com.shettyv1.testcases.TC_MyCart" name="verifyRegistrationAndLogin" time="17.304"/>
  <system-out/>
</testsuite> <!-- com.shettyv1.testcases.TC_MyCart -->
