<?xml version="1.0" encoding="UTF-8"?>
<!-- Generated by org.testng.reporters.JUnitReportReporter -->
<testsuite hostname="LAPTOP-32GUEUQ6" failures="0" tests="1" name="com.shettyv1.testcases.TC_SignOut" time="17.282" errors="0" timestamp="2023-02-01T15:27:39 IST" skipped="0">
  <testcase classname="com.shettyv1.testcases.TC_SignOut" name="verifyRegistrationAndLogin" time="17.282"/>
  <system-out/>
</testsuite> <!-- com.shettyv1.testcases.TC_SignOut -->
