<?xml version="1.0" encoding="UTF-8"?>
<!-- Generated by org.testng.reporters.JUnitReportReporter -->
<testsuite hostname="LAPTOP-32GUEUQ6" failures="0" tests="2" name="com.shettyv1.testcases.TC_LoginHomePageDataDrivenTesting" time="32.850" errors="0" timestamp="2023-02-11T16:43:05 IST" skipped="0">
  <testcase classname="com.shettyv1.testcases.TC_LoginHomePageDataDrivenTesting" name="verifyRegistrationAndLogin" time="16.289"/>
  <system-out/>
  <testcase classname="com.shettyv1.testcases.TC_LoginHomePageDataDrivenTesting" name="verifyRegistrationAndLogin" time="16.561"/>
  <system-out/>
</testsuite> <!-- com.shettyv1.testcases.TC_LoginHomePageDataDrivenTesting -->
