<?xml version="1.0" encoding="UTF-8"?>
<!-- Generated by org.testng.reporters.JUnitReportReporter -->
<testsuite hostname="LAPTOP-32GUEUQ6" failures="0" tests="1" name="com.shettyv1.testcases.TC_LoginHomePage" time="9.390" errors="0" timestamp="2023-02-04T14:09:29 IST" skipped="0">
  <testcase classname="com.shettyv1.testcases.TC_LoginHomePage" name="verifyRegistrationAndLogin" time="9.390"/>
  <system-out/>
</testsuite> <!-- com.shettyv1.testcases.TC_LoginHomePage -->
