<?xml version="1.0" encoding="UTF-8"?>
<!-- Generated by org.testng.reporters.JUnitReportReporter -->
<testsuite hostname="LAPTOP-32GUEUQ6" failures="0" tests="2" name="com.shettyv1.testcases.TC_LoginHomePageDataDrivenTesting" time="32.248" errors="0" timestamp="2023-02-11T17:00:51 IST" skipped="0">
  <testcase classname="com.shettyv1.testcases.TC_LoginHomePageDataDrivenTesting" name="verifyRegistrationAndLogin" time="16.069"/>
  <system-out/>
  <testcase classname="com.shettyv1.testcases.TC_LoginHomePageDataDrivenTesting" name="verifyRegistrationAndLogin" time="16.179"/>
  <system-out/>
</testsuite> <!-- com.shettyv1.testcases.TC_LoginHomePageDataDrivenTesting -->
